<?xml version="1.0" encoding="UTF-8"?>
<!-- Generated by org.testng.reporters.JUnitReportReporter -->
<testsuite hostname="DESKTOP-IK4EVLV" failures="0" tests="3" name="tests.ShopDressesTest" time="9.729" errors="0" timestamp="2020-04-03T20:29:41 CEST" skipped="0">
  <testcase classname="tests.ShopDressesTest" name="test1" time="7.149"/>
  <system-out/>
  <testcase classname="tests.ShopDressesTest" name="test3" time="0.004"/>
  <system-out/>
  <testcase classname="tests.ShopDressesTest" name="test2" time="2.576"/>
  <system-out/>
</testsuite> <!-- tests.ShopDressesTest -->
