<?xml version="1.0" encoding="UTF-8"?>
<!-- Generated by org.testng.reporters.JUnitReportReporter -->
<testsuite hostname="DESKTOP-IK4EVLV" failures="0" tests="1" name="tests.HomeTest" time="5.947" errors="0" timestamp="2020-04-03T20:29:41 CEST" skipped="0">
  <testcase classname="tests.HomeTest" name="openHomePage" time="5.947"/>
  <system-out/>
</testsuite> <!-- tests.HomeTest -->
