<?xml version="1.0" encoding="UTF-8"?>
<!-- Generated by org.testng.reporters.JUnitReportReporter -->
<testsuite hostname="DESKTOP-IK4EVLV" failures="0" tests="2" name="tests.ShopChartTest" time="14.465" errors="0" timestamp="2020-04-02T23:30:10 CEST" skipped="0">
  <testcase classname="tests.ShopChartTest" name="proceed" time="4.707"/>
  <system-out/>
  <testcase classname="tests.ShopChartTest" name="order" time="9.758"/>
  <system-out/>
</testsuite> <!-- tests.ShopChartTest -->
