<?xml version="1.0" encoding="UTF-8"?>
<!-- Generated by org.testng.reporters.JUnitReportReporter -->
<testsuite hostname="DESKTOP-IK4EVLV" failures="0" tests="2" name="tests.ShopCartTest" time="16.426" errors="0" timestamp="2020-04-03T20:29:41 CEST" skipped="0">
  <testcase classname="tests.ShopCartTest" name="order" time="10.459"/>
  <system-out/>
  <testcase classname="tests.ShopCartTest" name="proceed" time="5.967"/>
  <system-out/>
</testsuite> <!-- tests.ShopCartTest -->
