<?xml version="1.0" encoding="UTF-8"?>
<!-- Generated by org.testng.reporters.JUnitReportReporter -->
<testsuite hostname="DESKTOP-IK4EVLV" failures="0" tests="4" name="tests.ShopTest" time="11.386" errors="0" timestamp="2020-04-01T13:54:39 CEST" skipped="0">
  <testcase classname="tests.ShopTest" name="test3" time="0.002"/>
  <system-out/>
  <testcase classname="tests.ShopTest" name="test1" time="4.988"/>
  <system-out/>
  <testcase classname="tests.ShopTest" name="openHomePage" time="4.527"/>
  <system-out/>
  <testcase classname="tests.ShopTest" name="test2" time="1.869"/>
  <system-out/>
</testsuite> <!-- tests.ShopTest -->
