<?xml version="1.0" encoding="UTF-8"?>
<!-- Generated by org.testng.reporters.JUnitReportReporter -->
<testsuite hostname="DESKTOP-IK4EVLV" failures="0" tests="2" name="tests.RegistrationTest" time="16.659" errors="0" timestamp="2020-04-03T20:36:45 CEST" skipped="0">
  <testcase classname="tests.RegistrationTest" name="reg30Test" time="12.499"/>
  <system-out/>
  <testcase classname="tests.RegistrationTest" name="test30UsersLogin" time="4.160"/>
  <system-out/>
</testsuite> <!-- tests.RegistrationTest -->
